3.6057e+00	1.0512e+00	3.2703e+00
1.0615e+00	2.8703e+00	3.3716e+00
1.2827e+00	1.5563e+00	2.4789e+00
4.3068e+00	3.7209e+00	7.9837e-01
1.2979e+00	1.2278e+00	3.3813e+00
3.9599e+00	9.7042e-01	3.3415e+00
3.2215e+00	4.7357e+00	1.0560e+00
6.0907e+00	3.2747e+00	2.2943e-01
1.4419e+00	1.2421e+00	2.8502e+00
2.6721e+00	2.3580e+00	1.7721e+00
7.3654e+00	2.6205e+00	7.8954e-02
5.1154e-01	7.3993e+00	2.3725e+00
3.1373e+00	3.4278e+00	1.4341e+00
1.2688e+00	1.6580e+00	2.4876e+00
8.4911e+00	8.5866e-01	1.1171e+00
3.2485e+00	6.1819e+00	1.9152e-01
1.9067e+00	6.1213e-02	8.1533e+00
3.1733e+00	6.0880e+00	4.1928e-01
3.0851e+00	3.1739e+00	1.5105e+00
4.6156e+00	3.9809e+00	3.4533e-01
3.4372e+00	5.0613e+00	6.9745e-01
4.2365e+00	4.5276e+00	1.1205e-01
4.3691e+00	4.4035e+00	8.7874e-02
3.1464e+00	2.1243e-02	6.5054e+00
3.7719e+00	2.7827e+00	1.5585e+00
8.8386e+00	4.3236e-01	9.8787e-01
2.7289e+00	5.8720e+00	1.1711e+00
1.3021e+00	1.3391e+00	2.8427e+00
9.3981e-01	3.2889e+00	3.6051e+00
3.8258e+00	3.3883e+00	1.2118e+00
1.9565e+00	2.0483e+00	1.8717e+00
2.0130e+00	2.1987e+00	1.8581e+00
4.4300e+00	2.5529e+00	1.6806e+00
1.2255e+00	1.8442e+00	2.6645e+00
4.2174e+00	7.4410e-01	3.6014e+00
4.3728e-02	4.4611e+00	4.3346e+00
3.4191e+00	5.9798e+00	4.1896e-02
2.6348e+00	2.4035e+00	1.7605e+00
5.2546e+00	2.4406e+00	1.6712e+00
7.5285e-01	5.6917e-02	8.8818e+00
1.2443e+00	1.5366e+00	2.6727e+00
4.8202e+00	3.8857e+00	2.9474e-01
2.3987e+00	2.2279e+00	1.8085e+00
5.3247e+00	2.9761e+00	1.1074e+00
2.0563e+00	9.5251e-01	4.4152e+00
2.7854e+00	3.1506e+00	1.6099e+00
9.5328e-02	2.4653e+00	7.4459e+00
3.4096e+00	4.5565e+00	9.4883e-01
8.7384e-01	3.1018e+00	3.9260e+00
7.5175e-01	4.6205e+00	3.4442e+00
1.7870e+00	1.8562e+00	1.9173e+00
3.0484e+00	1.1334e+00	3.1434e+00
3.8334e+00	3.6215e+00	1.0849e+00
1.3914e+00	1.7472e+00	2.1885e+00
1.0435e+00	2.4083e+00	3.6085e+00
4.4905e+00	3.6444e+00	7.6940e-01
4.0727e+00	3.0038e+00	1.3842e+00
1.5109e+00	1.1932e+00	3.0443e+00
3.9904e+00	4.1338e+00	6.9297e-01
1.1297e+00	2.5162e+00	3.1638e+00
4.0162e+00	2.8025e-01	4.4876e+00
4.5845e+00	3.9757e+00	3.7690e-01
1.1859e-01	2.1793e-01	6.8799e+00
9.0418e-01	3.5416e+00	3.5884e+00
3.9309e+00	5.7948e-02	4.9668e+00
2.4662e+00	7.3946e+00	3.6336e-01
3.7264e+00	9.6252e-01	3.4102e+00
6.0818e+00	1.4441e-01	3.3123e+00
1.7528e+00	1.3135e+00	2.3476e+00
3.4201e+00	4.8621e+00	8.1230e-01
3.0492e+00	3.5632e-01	5.8960e+00
3.1415e+00	1.6498e-01	6.2246e+00
1.3417e+00	1.3003e+00	2.8411e+00
6.4967e+00	2.8576e+00	6.1374e-01
1.4663e+00	1.5096e+00	2.1421e+00
9.7484e-01	8.9338e+00	2.5367e-01
8.0529e-02	3.3506e+00	6.0032e+00
5.6182e+00	5.6430e-01	3.2522e+00
9.3326e+00	2.5080e-01	2.0287e-01
8.4824e-01	3.6792e+00	3.6510e+00
4.8813e+00	4.1889e-01	3.6827e+00
7.8485e+00	9.7285e-01	1.7105e+00
2.8102e-01	4.0035e+00	4.5012e+00
3.2558e+00	3.3046e+00	1.4240e+00
3.0657e+00	3.3425e+00	1.4797e+00
2.1692e+00	2.4325e+00	1.8229e+00
7.6347e+00	2.3563e+00	2.3767e-01
3.4397e-01	3.6005e+00	4.9421e+00
1.0710e+00	2.6524e+00	3.3862e+00
1.9195e+00	7.8742e+00	6.6338e-01
3.4240e+00	5.0711e+00	7.0793e-01
1.4309e+00	7.8262e+00	1.3180e+00
3.8130e+00	2.3989e-01	4.8329e+00
5.8541e+00	1.1689e+00	2.6916e+00
1.9016e+00	7.7405e+00	8.5198e-01
1.7477e-01	4.0653e+00	4.5971e+00
4.3377e+00	1.4905e-01	4.3341e+00
2.5751e+00	5.0255e+00	1.5879e+00
3.7810e+00	3.5422e+00	1.1475e+00
1.9780e+00	1.5839e+00	2.0239e+00
3.7852e-01	3.4643e-01	5.9287e+00
3.2679e+00	3.3721e+00	1.4004e+00
2.9955e-02	9.2486e+00	5.8030e-01
9.6198e-01	2.5422e+00	3.9862e+00
6.6634e+00	2.8512e+00	4.7632e-01
1.6104e+00	1.1882e+00	2.9524e+00
3.0632e+00	2.5018e+00	1.7217e+00
5.4783e+00	6.7709e-01	3.2190e+00
3.2206e+00	5.5657e+00	7.0283e-01
5.7604e+00	1.0542e+00	2.8173e+00
2.2715e+00	7.1913e+00	9.0091e-01
3.8431e+00	9.8709e-01	3.3400e+00
1.4217e-01	9.2524e+00	4.8601e-01
2.0743e+00	7.1589e+00	1.1863e+00
3.3371e+00	3.9167e+00	1.2125e+00
1.8742e-01	3.1843e+00	6.0935e+00
3.3936e+00	4.0141e-01	5.1432e+00
1.3527e+00	1.8386e+00	2.2760e+00
1.5481e+00	1.5512e+00	2.0622e+00
6.5120e+00	2.8295e+00	6.4637e-01
2.1496e+00	7.9355e+00	1.6698e-01
2.7463e+00	3.2873e+00	1.6122e+00
1.5671e+00	1.2916e+00	2.4399e+00
3.4557e+00	5.2811e+00	5.5025e-01
7.4033e+00	9.3660e-02	2.5862e+00
2.0184e+00	8.9985e-01	4.7585e+00
3.9152e+00	6.0495e-01	3.9970e+00
1.2383e+00	1.8092e+00	2.6051e+00
8.7564e+00	2.3783e-01	1.2409e+00
4.7666e+00	7.3066e-02	4.0620e+00
6.6597e+00	1.3086e+00	2.2472e+00
4.3392e+00	7.2466e-01	3.5795e+00
1.0265e+00	4.9937e+00	3.0553e+00
8.8001e-01	3.6421e+00	3.6003e+00
3.7170e-01	4.2503e+00	4.1193e+00
3.5752e+00	6.6161e-01	4.1588e+00
4.1443e+00	4.4059e+00	3.4527e-01
1.0045e+00	2.5724e+00	3.7327e+00
1.3421e+00	1.4286e+00	2.4312e+00
2.0733e+00	1.1090e+00	3.3247e+00
1.7440e+00	1.5389e+00	2.0276e+00
2.7309e+00	3.2405e+00	1.6221e+00
2.8990e+00	7.4951e-01	4.6684e+00
5.9938e+00	3.3349e+00	2.0421e-01
3.6589e+00	5.0715e+00	4.1031e-01
3.7440e+00	2.3915e-01	4.9424e+00
8.4266e-01	2.2124e+00	4.9686e+00
3.2046e+00	6.3500e+00	1.0261e-01
4.9815e+00	2.8983e+00	1.2917e+00
2.7631e+00	9.6774e-01	3.7912e+00
6.7377e+00	5.0477e-02	3.0165e+00
2.4358e+00	7.5424e+00	2.1419e-01
2.9374e+00	3.3120e+00	1.5331e+00
8.5097e-01	1.5513e+00	5.0804e+00
4.2966e+00	4.0325e+00	5.4349e-01
1.0370e+00	1.7342e+00	3.9957e+00
6.9616e+00	8.2337e-02	2.8729e+00
6.4069e+00	2.8534e+00	6.9147e-01
7.8986e-01	3.6503e+00	3.7921e+00
4.3860e+00	3.6574e+00	8.1024e-01
4.3745e+00	3.1716e+00	1.2016e+00
4.3954e+00	3.0049e+00	1.3262e+00
2.4836e+00	3.0484e+00	1.7291e+00
5.0409e+00	3.0639e+00	1.1114e+00
3.4106e+00	3.7413e+00	1.2275e+00
4.0126e-01	4.5399e+00	3.8824e+00
3.7703e+00	1.0193e+00	3.2999e+00
9.8805e-01	1.4121e+00	4.3854e+00
3.5478e+00	6.6199e-01	4.1844e+00
9.2280e-01	2.8371e+00	3.9409e+00
1.5364e+00	1.6656e+00	2.0343e+00
3.7652e+00	4.6957e+00	5.3210e-01
1.6098e+00	1.3648e+00	2.2375e+00
4.8064e+00	3.0470e+00	1.1968e+00
1.0401e+00	8.1374e+00	1.3726e+00
5.2128e+00	8.7775e-01	3.1366e+00
8.9085e-01	3.5986e+00	3.5949e+00
1.7419e+00	1.9269e+00	1.9295e+00
4.5925e+00	2.5432e+00	1.6754e+00
1.5452e+00	1.3357e+00	2.3239e+00
5.1813e+00	9.5644e-01	3.0740e+00
1.3956e+00	1.5846e+00	2.1920e+00
1.4510e+00	1.6355e+00	2.1104e+00
9.3845e-01	2.6848e+00	3.9932e+00
5.1388e-02	7.1536e+00	2.7691e+00
4.0879e+00	1.3208e-01	4.6322e+00
1.1602e+00	3.0402e+00	3.0776e+00
6.8427e+00	2.3009e+00	1.1439e+00
4.2890e+00	4.2835e+00	3.1339e-01
5.5570e-01	2.7545e+00	5.6997e+00
1.0984e+00	1.9318e+00	3.4480e+00
4.9925e+00	1.1766e-01	3.8815e+00
1.3085e+00	1.3252e+00	2.8712e+00
7.2191e+00	1.0282e+00	2.1473e+00
3.0084e+00	2.5897e+00	1.6895e+00
3.4261e+00	4.0557e+00	1.1145e+00
4.4182e+00	7.4870e-01	3.5184e+00
3.8693e+00	4.5522e-02	5.0865e+00
4.7282e+00	6.6169e-03	4.1458e+00
1.6004e+00	1.9606e+00	2.0082e+00
4.2654e+00	7.9220e-01	3.5156e+00
2.7937e+00	5.8045e-01	5.5454e+00
4.1259e+00	4.4069e-01	4.1168e+00
1.2906e+00	1.6904e+00	2.4089e+00
1.0134e+00	8.2370e+00	1.2866e+00
1.0466e+00	2.0620e+00	3.7680e+00
8.1712e-01	4.0042e+00	3.5738e+00
5.2984e+00	3.2603e+00	7.9147e-01
3.5938e+00	3.7612e+00	1.1295e+00
8.7029e-01	2.9748e+00	4.0484e+00
1.6138e+00	8.4843e+00	1.7147e-01
2.6458e+00	5.1367e+00	1.4984e+00
7.7268e-01	8.0525e-01	5.2218e+00
3.8855e+00	3.6837e-01	4.4835e+00
3.6158e+00	1.0695e+00	3.2353e+00
3.5642e+00	5.2830e+00	3.9516e-01
1.3063e+00	8.5294e+00	5.7097e-01
1.0674e+00	1.9737e+00	3.6606e+00
2.4089e+00	5.2946e+00	1.6934e+00
2.5650e+00	2.2700e+00	1.7971e+00
3.3834e+00	5.9088e+00	1.9023e-01
2.9741e+00	3.1146e+00	1.5555e+00
3.1436e+00	9.4723e-01	3.6501e+00
1.6204e+00	1.3045e+00	2.3770e+00
5.5635e-01	5.0365e+00	3.4879e+00
1.2169e+00	1.1576e+00	3.8875e+00
4.4182e+00	2.9719e+00	1.3478e+00
1.6578e+00	1.0594e+00	3.8766e+00
9.1126e-01	2.8868e+00	3.9512e+00
2.0189e+00	1.7819e+00	1.9199e+00
4.0670e+00	4.3193e+00	4.9488e-01
7.5313e-01	3.1131e+00	4.3728e+00
8.6041e-01	3.6338e+00	3.6457e+00
8.7720e+00	3.6378e-01	1.1352e+00
5.3110e+00	9.8663e-01	3.0109e+00
6.3884e-01	8.9189e+00	6.7785e-01
1.0230e+00	4.1253e+00	3.2317e+00
7.0851e-01	6.0570e+00	2.9710e+00
2.3156e+00	6.6526e+00	1.2530e+00
3.6675e+00	3.0358e+00	1.4323e+00
3.2043e-01	2.7703e+00	6.4598e+00
5.8516e-01	3.6393e+00	4.2872e+00
3.5299e+00	5.1257e+00	5.4674e-01
1.1004e+00	9.4668e-01	4.6661e+00
2.6857e+00	6.1349e+00	1.0954e+00
1.7496e+00	1.3366e+00	2.2921e+00
4.5820e-02	3.4137e+00	5.9451e+00
7.1687e+00	1.7406e+00	1.5521e+00
1.4739e+00	1.1379e+00	3.4979e+00
2.6814e+00	2.6034e+00	1.7127e+00
3.8419e+00	2.8571e+00	1.5078e+00
1.3563e+00	1.2629e+00	2.9840e+00
2.3537e+00	2.8538e+00	1.7766e+00
1.6717e+00	8.3159e+00	3.8929e-01
2.8392e+00	4.7063e-01	5.8814e+00
8.1040e+00	1.4484e+00	9.9658e-01
8.0941e-01	2.3892e+00	4.9971e+00
1.1737e+00	2.3248e+00	2.9749e+00
2.4064e-01	4.4700e+00	4.1135e+00
6.6985e+00	4.5302e-01	2.8300e+00
4.6508e+00	5.5853e-01	3.6483e+00
1.5859e+00	1.6515e+00	2.0095e+00
2.5442e+00	7.0527e+00	6.1960e-01
8.9532e-01	4.3375e+00	3.3560e+00
3.5923e+00	3.2434e+00	1.3497e+00
7.3661e-01	4.7353e+00	3.4220e+00
8.9521e-01	3.2167e+00	3.7737e+00
1.3352e+00	1.5389e+00	2.3288e+00
1.8459e+00	1.4939e+00	2.0759e+00
3.0488e+00	3.8491e+00	1.3940e+00
6.9458e-01	3.0342e+00	4.7138e+00
4.3879e+00	3.1382e+00	1.2241e+00
4.0230e+00	3.6883e+00	9.6140e-01
1.4159e+00	1.3741e+00	2.3726e+00
6.7209e-01	3.7285e+00	4.0014e+00
3.1572e+00	8.9879e-01	3.7996e+00
7.2185e+00	1.2344e+00	1.9850e+00
3.2404e+00	2.9705e+00	1.5330e+00
1.0937e+00	1.5599e+00	3.7046e+00
4.8892e+00	3.9078e+00	2.0362e-01
1.9732e+00	8.1973e+00	4.0565e-02
3.7280e-01	5.5128e+00	3.4350e+00
7.3936e-01	2.5116e+00	5.2225e+00
3.9692e+00	3.9042e+00	8.5480e-01
3.6813e+00	1.0084e+00	3.3361e+00
1.5368e-01	8.5668e+00	1.5280e+00
4.1983e+00	4.6344e+00	4.0573e-02
2.8779e+00	4.0887e+00	1.4668e+00
3.0472e+00	1.1177e+00	3.1832e+00
4.2511e+00	8.6718e-01	3.4173e+00
6.9529e-02	3.8697e+00	5.0473e+00
6.5364e-01	3.3771e+00	4.3975e+00
2.3889e+00	9.2179e-01	4.3589e+00
2.4834e-01	4.9434e+00	3.8034e+00
2.8284e+00	3.4398e+00	1.5627e+00
2.3958e+00	2.0752e+00	1.8492e+00
7.7251e-01	3.7162e+00	3.7917e+00
3.5155e+00	3.9589e+00	1.0941e+00
4.0178e+00	3.5763e+00	1.0340e+00
2.2835e-01	4.5039e+00	4.1016e+00
2.2902e+00	6.9075e+00	1.1102e+00
4.3419e+00	4.4119e+00	1.1196e-01
1.0543e+00	2.8641e+00	3.3979e+00
1.9414e+00	7.0811e+00	1.3998e+00
5.7132e+00	3.5234e+00	1.0199e-01
8.6972e+00	3.6240e-02	1.4337e+00
3.0803e+00	2.3457e+00	1.7922e+00
3.5775e+00	4.7494e+00	7.0210e-01
1.2039e+00	2.0046e+00	2.7884e+00
7.3375e+00	2.0440e+00	1.0725e+00
1.8341e+00	6.4338e+00	1.8842e+00
7.9486e+00	9.8878e-02	2.1686e+00
4.1972e+00	6.3258e-01	3.7740e+00
5.7873e-01	3.8277e+00	4.1192e+00
6.2647e-02	8.0290e+00	2.1160e+00
5.2641e+00	3.4605e+00	5.5423e-01
4.3224e+00	4.1948e+00	3.7005e-01
7.0764e+00	1.1879e+00	2.1135e+00
2.7515e-01	4.0061e+00	4.5080e+00
3.1491e+00	6.9623e-01	4.5457e+00
5.4565e-01	4.1501e+00	3.9342e+00
1.9185e+00	1.8433e+00	1.9005e+00
2.1747e+00	1.1007e+00	3.3519e+00
3.6321e+00	5.2068e+00	3.5007e-01
5.4631e-01	7.3407e+00	2.3918e+00
3.2350e+00	5.6852e-01	4.8831e+00
3.3603e+00	4.3279e+00	1.0702e+00
5.9356e+00	6.8874e-01	3.0350e+00
2.4624e+00	5.2315e+00	1.6550e+00
9.0135e-01	7.5710e+00	1.9931e+00
1.3888e+00	1.5856e+00	2.2021e+00
3.9005e+00	1.0365e+00	3.2496e+00
8.2736e-01	7.2208e+00	2.2906e+00
6.7506e+00	2.7837e+00	5.1119e-01
4.9066e-01	3.6804e+00	4.4701e+00
2.6843e+00	2.2049e+00	1.8244e+00
4.8217e+00	3.7713e+00	4.3996e-01
4.0521e+00	4.6431e+00	2.3313e-01
2.7370e+00	2.6941e+00	1.6876e+00
4.5523e+00	3.9403e+00	4.4156e-01
1.6638e-01	4.7731e+00	3.9761e+00
1.6770e+00	8.0635e+00	7.6144e-01
3.0317e+00	3.2287e+00	1.5148e+00
3.2133e+00	2.5268e+00	1.7112e+00
3.5388e+00	6.0529e-01	4.3467e+00
2.7203e+00	2.9899e+00	1.6485e+00
3.4561e+00	2.8129e-01	5.3505e+00
4.4184e+00	4.2920e+00	1.6591e-01
4.1058e+00	1.0348e+00	3.2186e+00
1.5100e+00	1.8814e+00	2.0670e+00
3.9919e+00	3.0546e+00	1.3652e+00
3.5450e+00	1.0149e+00	3.3512e+00
7.9807e-01	2.2458e+00	5.1832e+00
1.1645e+00	3.3118e+00	3.0735e+00
6.4496e-01	5.5187e+00	3.2294e+00
1.9932e+00	1.2199e+00	2.7159e+00
9.6040e-01	3.5811e+00	3.4536e+00
3.5571e+00	1.0039e+00	3.3707e+00
2.7172e+00	5.7863e+00	1.2215e+00
2.6083e+00	2.6393e-01	6.8509e+00
7.7113e-01	2.5613e+00	5.0077e+00
1.2361e+00	1.5372e+00	2.7181e+00
3.4644e+00	3.5366e+00	1.2739e+00
6.1386e+00	2.3155e+00	1.5222e+00
1.5153e+00	1.8690e+00	2.0596e+00
6.7165e+00	1.0410e+00	2.4292e+00
3.2157e+00	8.9860e-01	3.7637e+00
1.8355e+00	1.7305e+00	1.9338e+00
5.1830e-01	4.3411e+00	3.8550e+00
1.0452e+00	7.9727e-01	5.1253e+00
3.8953e+00	3.1732e+00	1.3129e+00
7.4503e-01	3.2962e+00	4.1945e+00
6.3931e-01	4.7922e+00	3.5036e+00
3.0870e+00	5.5154e+00	9.0051e-01
3.4860e+00	1.8771e-01	5.5144e+00
2.9952e+00	5.6950e+00	9.2901e-01
1.0660e+00	2.9176e+00	3.3471e+00
2.7046e+00	1.0582e+00	3.4254e+00
4.3873e+00	4.3210e+00	1.6657e-01
6.5427e+00	3.1200e+00	6.3675e-02
9.2653e-01	3.3574e+00	3.6111e+00
1.9966e+00	9.4134e-01	4.5172e+00
2.7987e-01	7.2727e+00	2.5842e+00
2.4887e+00	1.0711e+00	3.4299e+00
3.4888e+00	3.9157e-01	5.0065e+00
5.3037e+00	1.5812e-02	3.7764e+00
1.8511e+00	7.1125e+00	1.4761e+00
9.0591e+00	4.9698e-01	5.5782e-01
2.2625e+00	1.0742e+00	3.4886e+00
2.1391e-02	4.2323e+00	4.6004e+00
8.2851e-01	1.3497e+00	5.1233e+00
2.8433e+00	3.9963e+00	1.5005e+00
1.1619e+00	4.7343e+00	2.9699e+00
2.6716e+00	4.0705e+00	1.6118e+00
1.6100e+00	7.7988e+00	1.1521e+00
2.4394e+00	2.7809e+00	1.7463e+00
3.0236e+00	3.3431e+00	1.4952e+00
6.6299e+00	2.4304e-01	2.9820e+00
4.6389e+00	3.1417e-01	3.9176e+00
8.5194e+00	1.5916e+00	1.3910e-01
1.1007e+00	2.3864e+00	3.3067e+00
4.7411e+00	4.1203e+00	3.3889e-02
3.0146e+00	3.7861e+00	1.4239e+00
2.3207e-01	3.2079e+00	5.9424e+00
1.2825e+00	1.8113e+00	2.4450e+00
2.7101e+00	4.0790e+00	1.5841e+00
4.5372e+00	1.0748e+00	3.0972e+00
3.8042e+00	4.2509e+00	7.6276e-01
2.4045e+00	2.6366e+00	1.7602e+00
9.4035e-01	8.4572e+00	1.0859e+00
6.0058e+00	2.5763e+00	1.2894e+00
2.2044e+00	1.9923e+00	1.8636e+00
1.4217e-01	8.9370e+00	1.0441e+00
8.2242e+00	1.3401e+00	9.7167e-01
1.1273e+00	1.4649e+00	3.5797e+00
3.9079e+00	9.6423e-01	3.3632e+00
7.8542e+00	7.4007e-01	1.8784e+00
2.0988e+00	1.1032e+00	3.3565e+00
7.7698e-01	3.5180e+00	3.9084e+00
9.5738e-01	3.6066e+00	3.4525e+00
3.8183e+00	9.2977e-01	3.4444e+00
4.1057e+00	7.2502e-01	3.6783e+00
1.7846e+00	1.9916e+00	1.9170e+00
4.1653e+00	3.1191e+00	1.2886e+00
9.8759e-01	5.0549e+00	3.0780e+00
4.2863e+00	2.3584e-01	4.2733e+00
4.9303e-01	4.7897e+00	3.6538e+00
2.9170e+00	5.2176e+00	1.2064e+00
3.7731e+00	3.6868e+00	1.0779e+00
2.9135e+00	5.2500e+00	1.1998e+00
7.4929e-01	2.4326e+00	5.2605e+00
7.7626e-01	3.6849e+00	3.8019e+00
1.6184e+00	8.1591e+00	7.1166e-01
2.9501e+00	2.8753e+00	1.6129e+00
1.9144e+00	2.0508e+00	1.8806e+00
2.6943e+00	3.7303e+00	1.6136e+00
5.9744e+00	1.0776e+00	2.7243e+00
1.6880e+00	8.4756e+00	4.5030e-02
3.9208e+00	4.2406e+00	6.7653e-01
7.5866e+00	9.8992e-01	1.9149e+00
1.4619e+00	7.2056e+00	1.7963e+00
7.6088e+00	1.6935e+00	1.2440e+00
1.4534e+00	1.2711e+00	2.6599e+00
9.8140e-01	2.3005e+00	4.0606e+00
5.2423e+00	7.5464e-01	3.2367e+00
3.7359e+00	4.0595e+00	9.1316e-01
1.9365e+00	6.3411e+00	1.8260e+00
4.8036e+00	3.5377e+00	7.1617e-01
2.0388e+00	1.1038e+00	3.3700e+00
1.3593e+00	1.2671e+00	2.9490e+00
1.0848e+00	2.8948e+00	3.2910e+00
2.7703e+00	2.4972e+00	1.7297e+00
4.6308e+00	3.3317e+00	9.9087e-01
1.3045e-01	5.3979e+00	3.6539e+00
1.1292e+00	1.8440e+00	3.2522e+00
3.2716e+00	9.3914e-01	3.6145e+00
2.1993e+00	1.9771e+00	1.8676e+00
6.8138e-01	3.0342e+00	4.7677e+00
1.1209e+00	3.6615e+00	3.1410e+00
1.6050e+00	9.8830e-01	4.3445e+00
2.8864e+00	3.3662e+00	1.5457e+00
1.8621e+00	1.7119e+00	1.9393e+00
4.2519e+00	4.4023e+00	2.3068e-01
2.1837e+00	9.2323e-01	4.5185e+00
2.9840e+00	3.9613e+00	1.4146e+00
9.6885e-01	3.8544e+00	3.3679e+00
4.3061e+00	4.1845e+00	3.9503e-01
2.0833e+00	1.1606e+00	3.0122e+00
5.1701e-01	3.6438e+00	4.4512e+00
2.3361e+00	2.9709e+00	1.7896e+00
2.3970e+00	9.8569e-01	3.9608e+00
7.6977e-01	8.1101e+00	1.6207e+00
1.8858e+00	1.1964e+00	2.8097e+00
6.2952e-01	4.3109e+00	3.7204e+00
1.4323e+00	1.4672e+00	2.2114e+00
1.3137e+00	1.6745e+00	2.3435e+00
6.4940e-01	3.6242e+00	4.1433e+00
8.3635e-01	2.0841e+00	5.0850e+00
4.5611e+00	3.1565e+00	1.1653e+00
2.9394e+00	4.3171e+00	1.3903e+00
4.3549e+00	2.5978e+00	1.6497e+00
2.5613e+00	8.2968e-01	4.7043e+00
5.4119e+00	2.7500e+00	1.3207e+00
4.1343e+00	2.8726e+00	1.4648e+00
3.4179e+00	2.7836e+00	1.5853e+00
2.5055e+00	2.4818e+00	1.7553e+00
1.1525e+00	2.5885e+00	3.0798e+00
2.0589e+00	2.2791e+00	1.8483e+00
5.7789e+00	2.2186e+00	1.7551e+00
6.9047e-01	5.4756e+00	3.2093e+00
5.7070e+00	2.6052e+00	1.3770e+00
5.7793e-01	3.9064e+00	4.0552e+00
1.0459e+00	1.8339e+00	3.8880e+00
4.1274e+00	2.7534e+00	1.5497e+00
2.7371e+00	7.2115e-01	5.0231e+00
7.6579e+00	3.6004e-01	2.2707e+00
1.9315e-01	2.7830e+00	6.7724e+00
2.9323e+00	6.2930e+00	6.5486e-01
5.7878e-01	5.0362e-01	5.7194e+00
7.7575e-01	2.6548e+00	4.8693e+00
1.6978e+00	1.1296e+00	3.3281e+00
2.4693e+00	4.8608e+00	1.7105e+00
2.1483e+00	2.1658e+00	1.8349e+00
6.3185e+00	1.0324e+00	2.6233e+00
1.8774e+00	1.6439e+00	1.9700e+00
2.0488e+00	1.1560e+00	3.0371e+00
3.3139e+00	3.0921e+00	1.4764e+00
1.0715e+00	1.9693e+00	3.6320e+00
1.9308e+00	6.6589e+00	1.6756e+00
9.5103e-01	3.0859e+00	3.6667e+00
9.7373e-01	5.3125e+00	3.0219e+00
5.7197e-01	7.7088e+00	2.1083e+00
1.1698e+00	1.6218e+00	3.0775e+00
4.1495e-01	5.1225e+00	3.5746e+00
5.9300e+00	3.4210e+00	9.1822e-02
5.3659e+00	1.5396e-01	3.6545e+00
3.5169e+00	4.0918e-01	4.9128e+00
2.1180e+00	2.0584e+00	1.8508e+00
2.0960e+00	6.8851e+00	1.3609e+00
1.0099e+00	3.5388e+00	3.3625e+00
9.6006e-01	1.5240e+00	4.5130e+00
3.0158e+00	4.5504e+00	1.2858e+00
6.8528e+00	7.5377e-01	2.5595e+00
3.8415e+00	4.8068e-01	4.3083e+00
1.1517e+00	1.8323e+00	3.0921e+00
2.5038e+00	2.4517e+00	1.7602e+00
3.2944e+00	4.8860e-01	5.0513e+00
4.3339e+00	3.6651e+00	8.2949e-01
3.6707e+00	4.0820e-01	4.6798e+00
3.0138e+00	5.4241e+00	1.0271e+00
3.6302e+00	4.3823e+00	8.3469e-01
3.9725e+00	2.9407e-01	4.5157e+00
3.9015e+00	4.9032e+00	2.0001e-01
2.3923e+00	7.2661e-01	5.4115e+00
5.0540e+00	3.6792e+00	3.9481e-01
2.5165e-01	4.0107e+00	4.5419e+00
7.6129e+00	1.9718e+00	8.9733e-01
1.0919e+00	1.7963e+00	3.5622e+00
3.0903e+00	1.0565e+00	3.3424e+00
2.9310e+00	2.4193e+00	1.7534e+00
1.1698e+00	1.6411e+00	3.0605e+00
1.0322e+00	8.5880e+00	8.0963e-01
9.9399e-01	1.9308e+00	4.2062e+00
2.1952e+00	1.9849e+00	1.8653e+00
1.3214e+00	1.5278e+00	2.3728e+00
3.2480e+00	6.7292e-01	4.4980e+00
4.9294e+00	3.3455e+00	8.6146e-01
4.2891e+00	4.1974e+00	3.9804e-01
1.7064e+00	7.8741e-01	5.4282e+00
4.2516e+00	4.0122e+00	5.9395e-01
1.6269e+00	1.7145e+00	1.9807e+00
1.6080e+00	1.1334e+00	3.3727e+00
2.1689e+00	7.7433e+00	4.3458e-01
7.1252e+00	1.4572e+00	1.8541e+00
4.5925e+00	2.5200e+00	1.6952e+00
4.0053e+00	2.8583e+00	1.4896e+00
2.9586e-01	4.8111e+00	3.8344e+00
4.4717e+00	3.4448e+00	9.5108e-01
5.8632e+00	1.0509e-01	3.4402e+00
5.3552e+00	1.0976e+00	2.9000e+00
4.9079e+00	4.5391e-01	3.6373e+00
1.7726e-01	5.0184e+00	3.8202e+00
3.4819e+00	4.4711e-01	4.8658e+00
4.6548e+00	2.6182e+00	1.6046e+00
9.4497e-01	3.1386e+00	3.6598e+00
1.7575e+00	6.6550e+00	1.8495e+00
4.0530e+00	4.1779e+00	6.1399e-01
1.5957e+00	1.2956e+00	2.4124e+00
1.2949e+00	1.3964e+00	2.6793e+00
2.7210e+00	3.0551e+00	1.6416e+00
1.2485e+00	1.8826e+00	2.5766e+00
2.3366e+00	2.3979e+00	1.7886e+00
1.8962e+00	1.2087e+00	2.7488e+00
3.9417e+00	1.1386e+00	3.0923e+00
1.9897e+00	1.6052e+00	2.0104e+00
9.8289e-01	1.4222e+00	4.4085e+00
3.8059e+00	5.1131e+00	1.5634e-01
1.8598e+00	8.5810e-01	5.0487e+00
3.9362e+00	3.9454e+00	8.4935e-01
1.4426e+00	1.7212e+00	2.1159e+00
6.6405e+00	1.3401e+00	2.2307e+00
5.9034e-01	4.1238e+00	3.8809e+00
1.0560e+00	4.1183e+00	3.1875e+00
2.9988e+00	1.1012e+00	3.2307e+00
6.4088e-01	7.2050e-01	5.4726e+00
7.7593e+00	8.4340e-01	1.8853e+00
1.5998e+00	1.4174e+00	2.1570e+00
2.0073e-01	4.1399e+00	4.4703e+00
4.3620e+00	3.4043e+00	1.0246e+00
4.6005e-01	4.5737e+00	3.7963e+00
4.2028e+00	2.6633e-01	4.3105e+00
1.2484e+00	1.4602e+00	2.7708e+00
2.5373e+00	1.0328e+00	3.6049e+00
7.5070e-01	2.5727e+00	5.0953e+00
2.6157e+00	1.0336e+00	3.5651e+00
4.0669e+00	3.7935e+00	8.7125e-01
2.0303e+00	2.2376e+00	1.8546e+00
1.1192e+00	2.3211e+00	3.2224e+00
7.1958e+00	1.0808e+00	2.1223e+00
2.2947e+00	2.7659e+00	1.7953e+00
2.1406e-02	4.7398e+00	4.1249e+00
1.8317e+00	1.7702e+00	1.9233e+00
3.0623e+00	9.0141e-01	3.8550e+00
2.2377e+00	9.4137e-01	4.3651e+00
7.0107e+00	2.2437e+00	1.0912e+00
2.6613e+00	2.5138e+00	1.7331e+00
1.2262e+00	1.3181e+00	3.3212e+00
8.5095e+00	1.9082e-01	1.5735e+00
4.6108e+00	1.7348e-01	4.0803e+00
7.9041e+00	1.0350e+00	1.6096e+00
2.6238e+00	7.3659e+00	7.0391e-02
4.0825e+00	5.7083e-01	3.9390e+00
1.7745e-01	9.1331e+00	6.9280e-01
9.6212e-01	1.0994e+00	4.6245e+00
1.2958e+00	1.4073e+00	2.6459e+00
3.3829e-01	3.7743e-01	5.9449e+00
1.9740e+00	1.0405e+00	3.8581e+00
8.0909e+00	1.6940e+00	7.0093e-01
7.0767e+00	1.3179e+00	2.0065e+00
2.6164e+00	2.2197e+00	1.8146e+00
1.5697e+00	7.1935e-02	8.4176e+00
7.2253e+00	2.5030e+00	5.0431e-01
3.4299e+00	5.0024e+00	7.3562e-01
3.2668e+00	4.9660e+00	9.2918e-01
1.6253e+00	8.4538e+00	2.1273e-01
3.2948e+00	3.5229e+00	1.3468e+00
7.5899e+00	2.1597e+00	6.4928e-01
8.1722e+00	1.8707e+00	2.9442e-01
3.1428e+00	3.2953e+00	1.4634e+00
4.7843e+00	2.7033e+00	1.5120e+00
4.0194e+00	4.2423e+00	5.9464e-01
1.6862e+00	1.7596e+00	1.9537e+00
1.6843e+00	8.1754e+00	5.9442e-01
2.2261e+00	6.5301e+00	1.4290e+00
1.2553e+00	1.6045e+00	2.5623e+00
1.6532e+00	1.2533e+00	2.5512e+00
2.0609e+00	7.2597e+00	1.1194e+00
1.2528e+00	1.8800e+00	2.5599e+00
3.6279e+00	4.3092e+00	8.7092e-01
2.5811e+00	2.2453e+00	1.8048e+00
3.6857e+00	3.4425e+00	1.2308e+00
3.8571e+00	4.0353e+00	8.4668e-01
2.5733e+00	3.1674e+00	1.6908e+00
3.2954e-01	4.2822e+00	4.1518e+00
7.3046e+00	1.2169e+00	1.9411e+00
3.7028e+00	5.2579e-01	4.3604e+00
3.5493e+00	3.6429e+00	1.1981e+00
1.0619e+00	2.9623e+00	3.3512e+00
5.9342e+00	8.2142e-01	2.9381e+00
2.9250e+00	2.4868e+00	1.7283e+00
1.1738e-01	7.2460e-01	8.4917e+00
3.5071e+00	3.2643e+00	1.3637e+00
1.2595e+00	1.7398e+00	2.5156e+00
5.5692e+00	3.2952e+00	5.9708e-01
2.6375e+00	4.6498e+00	1.5886e+00
2.6629e+00	9.8331e-01	3.7834e+00
7.1970e-01	4.7474e+00	3.4358e+00
2.9908e+00	2.7564e+00	1.6378e+00
7.0783e-01	3.9729e+00	3.7730e+00
1.6197e+00	1.3149e+00	2.3479e+00
4.7597e+00	2.5485e+00	1.6526e+00
7.1221e+00	2.1566e-01	2.7123e+00
4.6300e+00	2.5702e+00	1.6486e+00
1.4955e+00	1.3092e+00	2.4391e+00
5.1231e-01	4.8904e+00	3.5898e+00
4.9465e+00	2.7944e+00	1.3984e+00
2.5150e+00	7.2330e+00	4.7412e-01
3.4350e+00	2.5823e+00	1.6837e+00
2.8352e+00	2.4958e+00	1.7274e+00
1.1452e+00	2.1620e+00	3.0959e+00
6.4771e+00	1.2555e+00	2.3778e+00
1.9999e+00	7.9046e+00	4.9462e-01
6.0083e+00	4.2590e-02	3.4018e+00
4.5312e+00	2.2268e-01	4.0875e+00
2.7497e+00	3.2443e+00	1.6142e+00
4.9061e+00	4.4280e-01	3.6485e+00
4.7235e+00	2.9072e+00	1.3426e+00
4.7355e+00	1.1287e+00	3.0046e+00
1.3916e+00	1.7284e+00	2.1862e+00
3.9569e+00	4.2389e+00	6.4853e-01
3.0426e+00	5.3028e+00	1.0423e+00
1.4334e+00	1.0199e+00	4.2181e+00
1.1959e+00	6.2670e+00	2.5168e+00
4.7022e-01	2.8221e+00	5.9094e+00
3.9759e+00	3.0338e+00	1.3811e+00
1.5919e+00	1.4074e+00	2.1726e+00
3.0429e+00	2.7616e+00	1.6300e+00
2.5363e+00	3.1152e+00	1.7072e+00
3.9734e+00	4.9056e+00	8.6877e-02
3.5363e+00	5.1936e+00	4.9559e-01
8.8750e-01	2.7851e+00	4.1543e+00
5.1916e+00	3.7931e+00	1.0312e-01
1.5834e+00	1.5492e+00	2.0476e+00
7.6743e+00	1.6245e+00	1.2589e+00
6.0959e+00	2.8721e+00	8.7405e-01
6.8036e+00	2.9726e+00	7.0702e-02
1.8863e-01	3.6587e+00	5.1915e+00
1.7757e+00	1.7670e+00	1.9312e+00
2.5175e+00	2.6861e+00	1.7302e+00
4.3343e+00	7.0342e-01	3.6098e+00
1.2340e+00	8.2394e+00	1.0685e+00
1.4850e+00	1.7067e+00	2.0714e+00
6.8528e-01	8.3447e-01	5.3913e+00
9.6821e-01	3.0229e+00	3.6397e+00
3.3453e+00	8.0775e-01	3.9523e+00
1.3231e+00	8.5127e+00	5.7605e-01
1.6101e+00	1.4775e+00	2.0894e+00
6.3319e+00	2.1336e-01	3.1518e+00
7.6814e-01	2.3854e+00	5.2143e+00
2.6416e+00	3.2684e+00	1.6584e+00
2.1367e+00	2.3912e+00	1.8307e+00
4.6222e+00	3.0054e+00	1.2789e+00
3.8732e+00	5.1385e-01	4.2095e+00
3.0473e+00	3.0159e+00	1.5586e+00
2.6841e+00	2.2616e+00	1.8034e+00
3.3110e+00	4.7593e+00	9.6353e-01
1.4399e+00	1.2580e+00	2.7594e+00
4.2777e+00	4.3586e+00	2.4760e-01
1.4682e+00	1.7447e+00	2.0890e+00
1.2958e+00	7.9803e+00	1.2982e+00
2.4570e-02	3.3930e+00	6.0247e+00
1.1144e+00	3.4875e+00	3.1647e+00
3.1124e+00	5.3837e+00	9.2945e-01
1.0961e+00	2.3240e+00	3.3432e+00
1.6618e+00	1.9189e+00	1.9644e+00
1.7384e+00	2.0092e+00	1.9370e+00
4.8733e+00	6.7573e-01	3.4366e+00
1.9649e+00	2.0127e+00	1.8722e+00
1.8975e+00	2.0958e+00	1.8859e+00
7.4738e+00	7.2671e-01	2.1862e+00
1.5561e-01	9.1576e+00	6.6378e-01
3.2398e-01	4.9897e+00	3.7145e+00
6.7574e+00	5.0395e-01	2.7684e+00
2.3186e+00	5.8705e+00	1.6233e+00
2.7626e+00	3.7742e+00	1.5703e+00
4.4115e+00	6.4895e-01	3.6479e+00
4.8841e+00	3.9050e+00	2.1236e-01
1.3016e+00	1.8670e+00	2.4032e+00
6.1964e+00	1.2165e+00	2.5286e+00
1.4944e+00	1.2896e+00	2.5113e+00
1.1327e+00	1.4598e+00	3.5521e+00
3.1632e+00	2.6627e+00	1.6544e+00
9.7861e-01	1.7045e+00	4.3819e+00
3.2464e+00	3.6316e+00	1.3381e+00
4.7916e+00	3.6013e+00	6.5426e-01
4.0322e-01	4.2877e+00	4.0467e+00
1.5573e+00	1.8845e+00	2.0267e+00
6.3868e+00	2.2501e+00	1.4778e+00
1.3925e+00	8.4190e-01	5.0778e+00
6.9395e+00	2.6489e+00	5.5801e-01
4.1257e+00	3.9409e+00	7.3460e-01
3.0736e+00	1.0704e+00	3.3068e+00
4.9609e+00	3.9801e+00	1.6000e-02
5.2559e+00	7.6587e-01	3.2224e+00
2.8346e+00	3.0644e+00	1.6049e+00
1.8595e+00	2.0145e+00	1.8944e+00
5.5469e+00	3.5691e+00	1.7333e-01
4.8798e-01	3.6036e+00	4.5763e+00
2.4875e-01	9.3941e+00	4.1085e-02
2.4074e+00	5.7634e+00	1.5676e+00
9.6497e-01	3.6818e+00	3.4171e+00
4.1510e+00	3.0868e-01	4.2987e+00
3.5349e+00	1.1071e+00	3.1748e+00
1.4262e+00	1.7725e+00	2.1415e+00
4.5235e+00	4.0574e+00	3.3543e-01
4.6971e+00	7.9190e-01	3.3747e+00
2.4754e-01	4.3130e+00	4.2340e+00
5.7046e+00	1.1835e+00	2.7270e+00
4.5773e+00	1.1280e+00	3.0312e+00
3.3370e+00	3.1275e+00	1.4587e+00
4.0641e+00	4.2862e+00	5.2340e-01
5.2189e+00	1.0818e+00	2.9491e+00
1.7303e-01	3.4713e+00	5.5748e+00
1.5833e+00	1.3367e+00	2.3038e+00
4.2074e+00	2.9647e-01	4.2632e+00
3.8901e+00	3.1997e-01	4.5707e+00
1.1196e+00	3.6624e+00	3.1431e+00
6.7997e+00	2.9813e+00	5.5336e-02
3.7376e-01	4.0296e+00	4.3146e+00
9.8427e-01	8.4234e+00	1.0880e+00
3.2926e+00	6.2254e+00	4.7902e-02
1.9876e+00	2.0396e+00	1.8668e+00
1.5556e+00	1.5065e+00	2.0851e+00
5.3397e+00	3.2306e+00	8.0775e-01
5.9260e+00	1.0751e+00	2.7436e+00
3.6794e+00	4.3200e+00	8.2487e-01
6.9513e+00	1.3599e+00	2.0465e+00
5.5583e-02	7.7179e+00	2.3748e+00
3.9390e+00	3.6654e+00	1.0141e+00
2.5156e+00	1.1181e+00	3.2114e+00
8.5357e-01	6.0968e+00	2.8498e+00
4.9803e+00	2.6144e+00	1.5594e+00
5.1853e+00	6.8558e-01	3.3168e+00
3.9552e-01	3.2487e+00	5.4201e+00
1.0675e+00	1.9871e+00	3.6530e+00
7.0411e+00	2.4705e+00	7.4781e-01
3.8080e+00	6.0839e-01	4.0744e+00
3.5332e+00	3.2390e+00	1.3671e+00
3.6880e+00	3.6795e-01	4.7488e+00
3.0097e+00	3.3524e+00	1.4988e+00
6.8316e+00	4.0381e-01	2.7852e+00
3.1119e+00	3.8803e+00	1.3516e+00
1.0034e+00	3.5155e+00	3.3809e+00
7.5461e+00	1.9721e+00	9.6658e-01
4.0859e+00	7.3812e-01	3.6668e+00
4.3726e+00	2.5273e+00	1.7050e+00
9.3985e+00	1.6764e-01	1.1718e-01
1.7537e+00	1.7424e+00	1.9399e+00
6.9710e-01	5.6335e+00	3.1460e+00
1.4078e+00	1.7318e+00	2.1621e+00
1.2291e+00	1.7422e+00	2.6454e+00
1.4364e+00	1.3444e+00	2.4116e+00
2.6968e+00	3.4923e+00	1.6228e+00
7.7118e+00	1.2550e+00	1.5923e+00
8.2673e-01	8.0599e+00	1.6272e+00
3.1796e+00	1.0298e+00	3.3963e+00
1.1171e+00	1.8609e+00	3.3364e+00
2.6541e+00	2.0883e-01	6.9275e+00
2.3682e+00	1.1881e+00	2.9262e+00
4.0650e+00	4.3974e-01	4.1700e+00
1.5445e+00	1.3112e+00	2.3908e+00
1.0845e+00	3.1792e+00	3.2559e+00
7.6734e+00	1.9951e+00	7.9809e-01
2.5568e+00	2.6865e+00	1.7215e+00
4.4378e+00	3.6149e+00	8.2107e-01
1.4840e+00	8.2164e+00	8.0970e-01
2.8219e+00	4.5559e+00	1.4459e+00
9.2030e-01	3.3418e+00	3.6345e+00
2.9897e+00	2.3462e+00	1.7863e+00
1.6344e+00	8.1241e+00	7.3803e-01
1.4171e+00	1.0981e+00	3.8124e+00
4.8140e+00	5.9838e-01	3.5369e+00
8.5776e-01	5.0171e+00	3.2124e+00
1.9278e+00	1.6755e+00	1.9583e+00
1.3787e+00	1.5083e-01	8.2840e+00
5.9346e+00	2.9625e+00	8.4512e-01
1.0325e+00	3.2401e+00	3.3756e+00
2.3313e+00	1.0933e+00	3.3568e+00
3.0217e-01	2.6198e+00	6.7301e+00
5.0265e-01	6.9227e+00	2.6770e+00
5.7012e+00	8.3496e-01	3.0140e+00
2.5723e+00	4.3723e+00	1.6688e+00
2.1296e+00	2.4965e+00	1.8380e+00
4.7457e+00	2.5189e+00	1.6804e+00
2.5982e+00	1.0860e+00	3.3355e+00
4.9267e-01	5.4756e-01	5.7287e+00
1.4339e-01	6.0252e+00	3.3404e+00
4.8703e+00	2.8803e+00	1.3352e+00
2.7729e+00	5.9440e-01	5.5208e+00
1.5097e+00	1.5688e+00	2.0773e+00
2.7394e+00	4.2063e+00	1.5530e+00
3.9001e+00	3.9359e+00	8.7679e-01
4.1696e+00	3.0244e+00	1.3535e+00
4.4342e+00	3.4882e+00	9.2959e-01
3.8105e+00	9.0624e-01	3.4887e+00
2.3077e+00	2.1428e+00	1.8285e+00
9.9018e-01	5.7967e+00	2.8571e+00
3.7233e+00	8.5270e-01	3.6226e+00
1.4378e+00	1.5566e+00	2.1464e+00
6.3550e-01	6.0995e+00	3.0037e+00
1.4454e+00	1.5937e+00	2.1252e+00
3.0092e+00	9.2740e-01	3.7951e+00
2.9521e+00	4.0052e+00	1.4285e+00
2.6135e+00	7.4145e+00	1.4606e-02
2.0997e+00	2.2933e+00	1.8383e+00
2.0352e+00	8.5862e-01	4.9869e+00
7.9147e-01	5.9561e+00	2.9519e+00
4.2028e+00	4.3439e+00	3.4190e-01
5.2220e+00	2.9170e+00	1.2050e+00
4.8509e+00	1.0072e+00	3.1074e+00
1.8666e+00	2.0393e+00	1.8929e+00
2.2431e+00	9.8505e-01	4.0791e+00
6.8346e-01	5.1429e+00	3.3336e+00
1.0713e+00	3.2394e+00	3.2802e+00
1.5924e-01	3.6872e+00	5.2001e+00
1.2113e+00	1.8167e+00	2.7306e+00
7.0824e-01	3.4676e+00	4.1357e+00
4.5699e+00	2.4830e+00	1.7285e+00
9.5787e-01	1.2531e+00	4.5591e+00
1.0630e+00	3.2369e+00	3.3007e+00
7.0619e+00	7.9565e-01	2.4111e+00
3.9646e+00	6.6816e-01	3.8477e+00
1.3905e+00	7.4520e+00	1.6826e+00
5.3655e+00	9.1293e-01	3.0598e+00
4.8028e+00	2.8626e+00	1.3659e+00
4.2958e+00	1.9283e-01	4.3199e+00
3.2355e+00	1.0257e+00	3.3939e+00
2.8257e+00	3.2243e+00	1.5869e+00
6.3247e-02	3.9493e+00	4.9301e+00
3.9219e+00	4.2157e+00	6.9170e-01
6.1958e+00	7.3590e-01	2.8928e+00
1.7533e+00	1.9028e+00	1.9250e+00
1.2778e+00	1.3509e+00	2.9217e+00
8.7034e-03	3.5303e+00	5.7802e+00
2.9876e+00	5.9853e+00	7.8048e-01
1.9266e+00	1.1885e+00	2.8540e+00
4.4891e+00	8.8896e-01	3.3239e+00
3.6433e-01	4.2025e+00	4.1693e+00
8.1003e+00	3.1884e-01	1.9220e+00
3.2509e+00	4.0964e+00	1.2160e+00
2.4494e+00	2.1618e+00	1.8255e+00
1.9859e+00	2.2366e+00	1.8669e+00
4.1857e-02	4.3084e+00	4.4899e+00
9.1668e-01	3.5581e+00	3.5542e+00
4.4282e+00	3.5655e+00	8.6754e-01
4.2561e+00	3.2809e-01	4.1755e+00
7.4309e+00	1.9995e+00	1.0435e+00
9.8506e-01	2.7030e+00	3.7492e+00
2.7581e+00	1.0517e+00	3.4357e+00
1.6170e+00	7.9550e+00	9.7304e-01
2.6605e+00	9.0316e-01	4.2001e+00
1.5734e+00	1.4602e+00	2.1164e+00
1.6225e+00	1.6709e+00	1.9899e+00
7.8618e-01	4.9159e+00	3.3125e+00
3.7047e+00	3.1434e+00	1.3707e+00
1.2811e+00	1.4519e+00	2.6142e+00
1.9639e+00	1.2018e+00	2.7912e+00
1.1888e+00	1.5257e+00	3.0529e+00
9.9898e-01	1.7489e+00	4.2427e+00
6.8816e-01	3.7147e+00	3.9763e+00
1.3886e+00	1.3471e+00	2.4989e+00
2.9422e+00	5.1737e+00	1.1941e+00
8.9603e-01	3.5005e+00	3.6245e+00
7.1859e+00	2.5164e+00	5.2540e-01
1.0989e+00	2.4153e+00	3.3107e+00
1.5714e+00	1.4504e+00	2.1270e+00
2.9861e+00	4.6858e+00	1.2813e+00
1.7082e+00	1.8945e+00	1.9413e+00
1.3265e+00	1.4121e+00	2.5117e+00
3.3773e-01	4.6154e-01	6.1056e+00
2.3316e+00	2.9913e+00	1.7930e+00
1.6667e+00	1.4084e+00	2.1597e+00
7.0547e+00	2.5513e+00	6.0596e-01
8.3968e+00	3.7136e-01	1.5932e+00
1.9272e+00	7.0767e+00	1.4187e+00
2.4207e+00	2.1407e+00	1.8305e+00
4.0976e+00	3.0248e+00	1.3660e+00
4.1580e+00	4.7194e+00	5.2636e-05
3.5529e+00	3.4922e+00	1.2567e+00
6.6309e+00	4.3457e-01	2.8764e+00
5.5357e+00	2.4750e+00	1.5683e+00
3.4424e+00	6.4958e-02	5.8524e+00
2.4004e+00	9.9896e-01	3.8772e+00
2.8486e+00	3.1314e+00	1.5910e+00
9.7222e-01	3.5073e+00	3.4495e+00
3.0917e+00	2.8490e+00	1.5966e+00
1.9273e+00	1.1103e+00	3.3615e+00
1.8696e+00	1.7175e+00	1.9373e+00
2.2858e+00	2.0302e+00	1.8565e+00
5.8998e+00	2.4720e-01	3.3414e+00
2.6079e+00	2.8532e+00	1.6937e+00
3.1521e+00	3.9887e+00	1.3049e+00
3.8020e-01	8.9227e+00	8.9784e-01
5.6011e+00	1.1757e+00	2.7643e+00
4.1443e+00	8.4351e-01	3.4836e+00
1.8877e+00	8.2490e+00	1.1691e-01
3.1936e+00	4.6032e+00	1.1217e+00
2.2157e+00	2.4156e+00	1.8110e+00
1.1246e+00	2.2177e+00	3.2045e+00
2.2745e+00	1.6099e-01	7.5321e+00
2.2662e+00	2.2109e+00	1.8181e+00
5.3893e+00	3.5325e+00	3.6558e-01
5.7582e+00	2.9938e+00	8.9907e-01
2.7669e-01	2.9837e+00	6.2331e+00
7.2733e+00	2.4889e+00	4.7340e-01
1.1863e-01	6.6641e+00	3.0255e+00
4.8433e+00	3.5868e+00	6.4173e-01
1.4568e+00	1.2602e+00	2.7107e+00
1.5173e+00	1.6919e+00	2.0450e+00
4.3896e+00	3.8541e+00	6.3835e-01
6.0341e+00	2.3019e+00	1.5798e+00
2.6680e+00	3.0736e+00	1.6581e+00
5.2912e-01	3.6010e+00	4.4737e+00
1.2490e+00	1.3549e+00	3.0686e+00
1.5599e+00	1.3998e+00	2.1944e+00
7.1601e+00	1.1145e+00	2.1191e+00
1.6858e-01	4.6989e+00	4.0232e+00
3.6447e+00	4.1080e-01	4.7112e+00
4.2347e+00	3.9912e+00	6.2340e-01
1.3273e+00	1.7204e+00	2.3102e+00
9.1212e-01	5.9478e+00	2.8640e+00
5.2027e-01	4.0467e+00	4.0493e+00
3.1203e+00	4.9039e+00	1.0988e+00
6.1800e+00	1.2787e+00	2.4839e+00
2.1447e+00	1.1765e+00	2.9382e+00
1.6516e+00	1.6541e+00	1.9843e+00
4.9572e+00	3.9304e+00	1.0351e-01
2.6177e+00	6.9951e+00	5.5488e-01
6.3960e+00	2.7309e+00	8.7926e-01
2.4719e+00	3.2764e+00	1.7389e+00
4.5799e+00	3.9697e+00	3.8750e-01
4.9148e+00	9.6020e-01	3.1396e+00
1.2841e+00	1.4399e+00	2.6237e+00
2.9530e-01	3.5991e+00	5.0605e+00
3.1545e-01	4.8093e+00	3.8171e+00
1.5642e+00	1.5073e+00	2.0809e+00
3.3359e-01	3.0185e+00	6.0158e+00
4.0456e+00	3.2467e+00	1.2319e+00
4.0762e+00	4.2476e+00	5.4257e-01
1.1930e+00	1.3857e+00	3.3120e+00
2.3456e+00	3.0070e+00	1.7876e+00
1.2727e+00	1.1583e+00	3.7560e+00
2.0817e+00	1.8208e+00	1.9104e+00
1.4485e+00	1.7052e+00	2.1087e+00
1.2113e+00	1.9081e+00	2.7379e+00